SF:lib\shared\models\order.dart
DA:40,3
DA:68,0
DA:69,0
DA:71,0
DA:73,2
DA:76,0
DA:79,0
DA:82,0
DA:85,0
DA:87,0
DA:114,0
DA:115,0
DA:116,0
DA:117,0
DA:118,0
DA:119,0
DA:120,0
DA:121,0
DA:122,0
DA:123,0
DA:124,0
DA:125,0
DA:126,0
DA:127,0
DA:128,0
DA:129,0
DA:130,0
DA:131,0
DA:132,0
DA:133,0
DA:134,0
DA:135,0
DA:136,0
DA:137,0
DA:138,0
LF:35
LH:2
end_of_record
SF:lib\shared\models\order.g.dart
DA:9,0
DA:10,0
DA:11,0
DA:12,0
DA:13,0
DA:14,0
DA:15,0
DA:16,0
DA:17,0
DA:18,0
DA:19,0
DA:20,0
DA:21,0
DA:22,0
DA:23,0
DA:24,0
DA:25,0
DA:26,0
DA:27,0
DA:28,0
DA:29,0
DA:30,0
DA:31,0
DA:32,0
DA:33,0
DA:35,0
DA:36,0
DA:38,0
DA:39,0
DA:40,0
DA:41,0
DA:43,0
DA:44,0
DA:46,0
DA:49,2
DA:50,1
DA:51,1
DA:52,1
DA:53,1
DA:54,1
DA:55,2
DA:56,1
DA:57,1
DA:58,1
DA:59,1
DA:60,1
DA:61,1
DA:62,1
DA:63,1
DA:64,1
DA:65,2
DA:66,1
DA:67,1
DA:68,1
DA:69,1
DA:70,2
DA:71,1
DA:72,1
DA:73,1
DA:74,1
DA:75,2
DA:76,2
LF:62
LH:28
end_of_record
SF:lib\shared\models\restaurant.dart
DA:34,3
DA:63,0
DA:64,0
DA:66,0
DA:68,0
DA:96,0
DA:97,0
DA:98,0
DA:99,0
DA:100,0
DA:101,0
DA:102,0
DA:103,0
DA:104,0
DA:105,0
DA:106,0
DA:107,0
DA:108,0
DA:109,0
DA:110,0
DA:111,0
DA:112,0
DA:114,0
DA:115,0
DA:116,0
DA:117,0
DA:118,0
DA:119,0
DA:120,0
DA:121,0
DA:122,0
DA:123,0
DA:128,0
DA:130,0
DA:131,0
DA:132,0
DA:133,0
DA:141,0
DA:143,0
DA:144,0
DA:145,0
DA:146,0
LF:42
LH:1
end_of_record
SF:lib\shared\models\restaurant.g.dart
DA:9,0
DA:10,0
DA:11,0
DA:12,0
DA:13,0
DA:14,0
DA:15,0
DA:16,0
DA:17,0
DA:18,0
DA:19,0
DA:20,0
DA:21,0
DA:22,0
DA:23,0
DA:24,0
DA:25,0
DA:26,0
DA:27,0
DA:28,0
DA:29,0
DA:30,0
DA:31,0
DA:32,0
DA:33,0
DA:34,0
DA:35,0
DA:36,0
DA:37,0
DA:38,0
DA:39,0
DA:42,0
DA:43,0
DA:44,0
DA:45,0
DA:46,0
DA:47,0
DA:48,0
DA:49,0
DA:50,0
DA:51,0
DA:52,0
DA:53,0
DA:54,0
DA:55,0
DA:56,0
DA:57,0
DA:58,0
DA:59,0
DA:60,0
DA:61,0
DA:62,0
DA:63,0
DA:64,0
DA:65,0
DA:66,0
DA:67,0
DA:68,0
DA:69,0
LF:59
LH:0
end_of_record
SF:lib\shared\models\menu_item.dart
DA:20,9
DA:35,0
DA:36,0
DA:38,0
DA:40,0
DA:54,0
DA:55,0
DA:56,0
DA:57,0
DA:58,0
DA:59,0
DA:60,0
DA:61,0
DA:62,0
DA:63,0
DA:64,0
DA:65,0
DA:66,0
LF:18
LH:1
end_of_record
SF:lib\shared\models\menu_item.g.dart
DA:9,0
DA:10,0
DA:11,0
DA:12,0
DA:13,0
DA:14,0
DA:15,0
DA:16,0
DA:17,0
DA:18,0
DA:19,0
DA:20,0
DA:21,0
DA:22,0
DA:23,0
DA:26,0
DA:27,0
DA:28,0
DA:29,0
DA:30,0
DA:31,0
DA:32,0
DA:33,0
DA:34,0
DA:35,0
DA:36,0
DA:37,0
DA:38,0
LF:28
LH:0
end_of_record
SF:lib\features\order\presentation\models\cart_item.dart
DA:8,1
DA:10,6
DA:12,0
DA:13,0
DA:14,0
DA:15,0
LF:6
LH:2
end_of_record
SF:lib\shared\models\order_item.dart
DA:15,8
DA:25,0
DA:26,0
DA:28,0
DA:31,0
DA:33,0
DA:42,0
DA:43,0
DA:44,0
DA:45,0
DA:46,0
DA:47,0
DA:48,0
DA:49,0
LF:14
LH:1
end_of_record
SF:lib\shared\models\order_item.g.dart
DA:9,0
DA:10,0
DA:11,0
DA:12,0
DA:13,0
DA:14,0
DA:15,0
DA:16,0
DA:19,0
DA:20,0
DA:21,0
DA:22,0
DA:23,0
DA:24,0
DA:25,0
DA:26,0
LF:16
LH:0
end_of_record
SF:lib\features\restaurant\presentation\providers\restaurant_provider.dart
DA:32,2
DA:52,2
DA:71,2
DA:72,2
DA:73,2
DA:74,2
DA:75,2
DA:76,2
DA:77,2
DA:78,2
DA:79,2
DA:80,2
DA:81,2
DA:82,2
DA:84,2
DA:85,2
DA:86,2
DA:87,2
DA:88,2
DA:89,2
DA:95,4
DA:96,2
DA:97,4
DA:101,6
DA:103,4
DA:106,2
DA:108,2
DA:109,2
DA:110,1
DA:111,0
DA:119,1
DA:120,3
DA:123,1
DA:124,1
DA:125,2
DA:129,1
DA:130,1
DA:131,1
DA:136,0
DA:140,0
DA:141,0
DA:144,0
DA:145,0
DA:149,1
DA:155,0
DA:156,0
DA:158,0
DA:160,0
DA:161,0
DA:162,0
DA:163,0
DA:167,0
DA:168,0
DA:169,0
DA:171,0
DA:175,0
DA:179,0
DA:181,0
DA:184,0
DA:185,0
DA:189,0
DA:194,2
DA:195,6
DA:199,0
DA:200,0
DA:203,0
DA:204,0
DA:207,0
DA:208,0
DA:211,0
DA:216,0
DA:217,0
DA:220,0
DA:222,0
DA:229,0
DA:234,0
DA:236,0
DA:239,0
DA:245,0
DA:246,0
DA:249,0
DA:254,0
DA:258,0
DA:264,0
DA:270,0
DA:275,0
DA:276,0
DA:281,0
DA:283,0
DA:284,0
DA:289,1
DA:290,3
DA:292,1
DA:296,0
DA:297,0
DA:299,0
DA:300,0
DA:302,0
DA:303,0
DA:304,0
DA:311,0
DA:314,0
DA:318,0
DA:319,0
DA:323,1
DA:324,3
DA:326,1
DA:327,1
DA:329,1
DA:332,3
DA:336,1
DA:337,0
DA:341,1
DA:345,0
DA:346,0
DA:348,0
DA:350,0
DA:354,0
DA:356,0
DA:357,0
DA:358,0
DA:359,0
DA:360,0
DA:365,0
DA:368,0
DA:372,2
DA:374,4
DA:375,14
DA:376,2
DA:380,6
DA:381,2
DA:383,3
DA:384,2
DA:385,3
DA:386,2
DA:388,1
DA:391,6
DA:395,1
DA:397,2
DA:398,1
DA:399,1
DA:401,3
DA:403,2
DA:409,0
DA:410,0
DA:413,0
DA:414,0
DA:416,0
DA:417,0
DA:418,0
DA:423,0
DA:424,0
DA:428,0
DA:433,0
DA:434,0
DA:436,0
LF:156
LH:69
end_of_record
SF:lib\core\services\database_service.dart
DA:6,51
DA:7,34
DA:13,5
DA:18,5
DA:22,17
DA:26,4
DA:28,5
DA:29,5
DA:30,5
DA:34,0
DA:37,1
DA:43,1
DA:48,1
DA:49,0
DA:52,0
DA:53,0
DA:54,0
DA:55,0
DA:58,0
DA:59,0
DA:62,0
DA:70,0
DA:71,0
DA:72,0
DA:74,2
DA:80,0
DA:82,0
DA:83,0
DA:84,0
DA:85,0
DA:86,0
DA:94,0
DA:98,0
DA:99,0
DA:100,0
DA:101,0
DA:102,0
DA:110,0
DA:115,0
DA:123,0
DA:129,0
DA:132,0
DA:135,0
DA:138,0
DA:141,0
DA:145,0
DA:149,0
DA:151,0
DA:152,0
DA:153,0
DA:154,0
DA:155,0
DA:164,0
DA:166,0
DA:167,0
DA:168,0
DA:169,0
DA:170,0
DA:171,0
DA:172,0
DA:173,0
DA:177,0
DA:182,0
DA:186,0
DA:187,0
DA:190,0
DA:191,0
DA:192,0
DA:193,0
DA:194,0
DA:195,0
DA:199,0
DA:205,1
DA:213,1
DA:214,2
DA:216,1
DA:218,0
DA:219,0
DA:222,0
DA:225,0
DA:229,0
DA:230,0
DA:235,1
DA:240,0
DA:242,0
DA:243,0
DA:244,0
DA:245,0
DA:246,0
DA:247,0
DA:248,0
DA:251,0
DA:257,0
DA:259,0
DA:260,0
DA:261,0
DA:262,0
DA:263,0
DA:267,0
DA:271,0
DA:276,0
DA:277,0
DA:278,0
DA:279,0
DA:280,0
DA:281,0
DA:285,0
DA:292,0
DA:297,0
DA:298,0
DA:299,0
DA:300,0
DA:301,0
DA:302,0
DA:306,0
DA:310,0
DA:315,0
DA:317,0
DA:318,0
DA:319,0
DA:320,0
DA:321,0
DA:330,1
DA:332,1
DA:333,0
DA:334,0
DA:335,0
DA:336,0
DA:340,1
DA:344,0
DA:346,0
DA:347,0
DA:348,0
DA:349,0
DA:350,0
DA:358,1
DA:360,1
DA:361,0
DA:362,0
DA:363,0
DA:364,0
DA:365,0
DA:374,0
DA:379,0
DA:380,0
DA:381,0
DA:384,0
DA:385,0
DA:386,0
DA:389,0
DA:391,0
DA:392,0
DA:393,0
DA:396,0
DA:401,0
DA:402,0
DA:406,0
DA:411,0
DA:413,0
DA:414,0
DA:419,0
DA:421,0
DA:422,0
DA:423,0
DA:424,0
DA:425,0
DA:436,0
DA:442,0
DA:443,0
DA:444,0
DA:447,0
DA:448,0
DA:449,0
DA:452,0
DA:453,0
DA:454,0
DA:455,0
DA:456,0
DA:457,0
DA:458,0
DA:459,0
DA:460,0
DA:461,0
DA:462,0
DA:464,0
DA:466,0
DA:467,0
DA:473,0
DA:477,0
DA:478,0
DA:479,0
DA:480,0
DA:482,0
DA:484,0
DA:485,0
DA:486,0
DA:491,0
DA:492,0
DA:497,0
DA:499,0
DA:500,0
DA:501,0
DA:502,0
DA:503,0
DA:506,0
DA:508,0
DA:514,1
DA:516,2
DA:517,1
DA:518,0
DA:519,0
DA:520,0
DA:521,0
DA:522,0
DA:526,1
DA:530,1
DA:532,2
DA:533,1
DA:534,0
DA:535,0
DA:536,0
DA:537,0
DA:538,0
DA:539,0
DA:540,0
DA:550,0
DA:556,0
DA:558,0
DA:559,0
DA:564,0
DA:568,0
DA:569,0
DA:570,0
DA:571,0
DA:574,0
DA:585,0
DA:587,0
DA:588,0
DA:589,0
DA:590,0
DA:591,0
DA:592,0
DA:595,0
DA:599,0
DA:601,0
DA:602,0
DA:603,0
DA:604,0
DA:605,0
DA:612,0
DA:617,0
DA:618,0
DA:619,0
DA:620,0
DA:621,0
DA:622,0
DA:629,0
DA:631,0
DA:638,0
DA:641,0
DA:642,0
DA:643,0
DA:644,0
DA:645,0
DA:648,0
DA:649,0
DA:650,0
DA:651,0
DA:652,0
DA:659,0
DA:661,0
DA:662,0
DA:663,0
DA:664,0
DA:665,0
DA:666,0
DA:669,0
DA:673,0
DA:677,0
DA:678,0
DA:679,0
DA:680,0
DA:681,0
DA:688,0
DA:690,0
DA:691,0
DA:692,0
DA:693,0
DA:694,0
DA:695,0
DA:702,0
DA:704,0
DA:711,0
DA:714,0
DA:715,0
DA:716,0
DA:717,0
DA:718,0
DA:721,0
DA:722,0
DA:723,0
DA:724,0
DA:725,0
DA:732,0
DA:735,0
DA:737,0
DA:742,0
DA:749,0
DA:750,0
LF:309
LH:30
end_of_record
SF:lib\core\constants\config.dart
DA:5,1
DA:6,2
DA:7,0
DA:8,0
DA:11,2
DA:12,6
DA:13,2
DA:14,6
DA:15,2
DA:16,6
DA:17,0
DA:18,0
DA:19,2
DA:20,6
DA:22,2
DA:23,6
DA:25,2
DA:26,6
DA:30,0
DA:34,0
DA:39,0
DA:40,0
DA:43,0
DA:44,0
DA:46,0
DA:47,0
DA:50,0
DA:51,0
LF:28
LH:14
end_of_record
SF:lib\core\data\repository_guard.dart
DA:5,2
DA:7,2
DA:8,2
DA:10,2
DA:14,0
DA:16,0
DA:17,0
DA:19,0
LF:8
LH:4
end_of_record
SF:lib\core\errors\error_mapper.dart
DA:11,1
DA:13,1
DA:18,1
DA:19,0
DA:20,0
DA:21,0
DA:23,0
DA:27,1
DA:28,0
DA:29,0
DA:31,0
DA:32,0
DA:34,0
DA:35,0
DA:37,0
DA:38,0
DA:40,0
DA:44,1
DA:45,0
DA:46,0
DA:47,0
DA:49,0
DA:53,1
DA:54,0
DA:56,0
DA:57,0
DA:58,0
DA:59,0
DA:60,0
DA:61,0
DA:62,0
DA:63,0
DA:64,0
DA:65,0
DA:66,0
DA:67,0
DA:68,0
DA:69,0
DA:70,0
DA:71,0
DA:73,0
DA:74,0
DA:75,0
DA:76,0
DA:77,0
DA:78,0
DA:79,0
DA:80,0
DA:81,0
DA:82,0
DA:83,0
DA:84,0
DA:86,0
DA:91,1
DA:92,0
DA:94,1
DA:95,0
DA:97,1
DA:98,0
DA:102,2
DA:103,0
DA:107,1
DA:108,0
DA:112,2
DA:115,0
DA:116,0
DA:117,0
DA:118,0
DA:119,0
DA:120,0
DA:121,0
LF:71
LH:12
end_of_record
SF:lib\core\results\result.dart
DA:2,2
DA:4,0
DA:5,0
DA:7,0
DA:8,0
DA:10,2
DA:15,6
DA:16,2
DA:19,0
DA:21,0
DA:22,0
DA:25,0
DA:27,0
DA:28,0
DA:34,2
DA:39,1
DA:49,1
DA:56,0
DA:57,0
DA:62,0
DA:71,0
DA:80,0
DA:89,0
DA:98,0
DA:107,0
DA:116,0
DA:125,1
LF:27
LH:8
end_of_record
SF:lib\features\restaurant\data\repositories\restaurant_repository_result.dart
DA:8,2
DA:10,0
DA:11,0
DA:12,0
DA:13,0
DA:17,1
DA:24,2
DA:25,2
DA:32,2
DA:36,0
DA:37,0
DA:38,0
DA:39,0
LF:13
LH:5
end_of_record
SF:lib\shared\models\review.dart
DA:21,0
DA:32,0
DA:34,0
DA:36,0
DA:46,0
DA:47,0
DA:48,0
DA:49,0
DA:50,0
DA:51,0
DA:52,0
DA:53,0
DA:54,0
DA:59,0
DA:60,0
DA:61,0
DA:63,0
DA:64,0
DA:65,0
DA:66,0
DA:67,0
DA:68,0
DA:69,0
DA:70,0
DA:71,0
DA:72,0
DA:73,0
DA:74,0
LF:28
LH:0
end_of_record
SF:lib\shared\models\review.g.dart
DA:9,0
DA:10,0
DA:11,0
DA:12,0
DA:13,0
DA:14,0
DA:15,0
DA:16,0
DA:17,0
DA:20,0
DA:21,0
DA:22,0
DA:23,0
DA:24,0
DA:25,0
DA:26,0
DA:27,0
DA:28,0
LF:18
LH:0
end_of_record
SF:lib\features\onboarding\providers\onboarding_provider.dart
DA:5,2
DA:6,2
DA:7,1
DA:12,2
DA:13,1
DA:19,1
DA:21,1
DA:22,1
DA:23,2
DA:25,2
DA:30,1
DA:32,1
DA:33,1
DA:34,1
DA:36,0
DA:41,1
DA:43,1
DA:44,1
DA:45,1
DA:47,0
DA:53,8
LF:21
LH:19
end_of_record
SF:lib\core\routing\route_paths.dart
DA:23,2
DA:28,0
DA:40,0
DA:45,2
DA:46,0
LF:5
LH:2
end_of_record
SF:lib\core\services\location_service.dart
DA:14,3
DA:15,2
DA:16,1
DA:19,0
DA:20,0
DA:23,0
DA:29,0
DA:30,0
DA:31,0
DA:34,0
DA:35,0
DA:45,0
DA:50,0
DA:52,0
DA:53,0
DA:54,0
DA:55,0
DA:56,0
DA:57,0
DA:60,0
DA:61,0
DA:62,0
DA:64,0
DA:66,0
DA:77,1
DA:78,1
DA:83,1
DA:84,1
DA:89,0
DA:90,0
DA:95,0
DA:98,0
DA:102,0
DA:106,0
DA:110,0
DA:112,0
DA:123,0
DA:125,0
DA:127,0
DA:130,0
DA:134,0
DA:135,0
DA:149,1
DA:150,1
DA:152,0
DA:155,0
DA:156,0
DA:157,0
DA:158,0
DA:159,0
DA:163,0
DA:164,0
DA:169,0
DA:175,1
DA:180,1
DA:185,0
DA:186,0
DA:187,0
DA:197,1
DA:203,2
DA:210,1
DA:217,1
DA:222,0
LF:63
LH:15
end_of_record
SF:lib\features\onboarding\models\onboarding_page_data.dart
DA:12,1
DA:24,3
LF:2
LH:2
end_of_record
SF:lib\features\onboarding\presentation\screens\onboarding_screen.dart
DA:12,0
DA:14,1
DA:15,1
DA:22,1
DA:24,2
DA:25,1
DA:28,1
DA:29,2
DA:30,1
DA:32,5
DA:35,0
DA:36,0
DA:37,0
DA:38,0
DA:42,1
DA:43,5
DA:44,2
DA:49,0
DA:53,1
DA:54,2
DA:55,2
DA:62,1
DA:64,5
DA:66,1
DA:67,1
DA:68,1
DA:70,1
DA:71,5
DA:73,1
DA:74,1
DA:75,1
DA:76,2
DA:77,1
DA:78,1
DA:79,2
DA:80,1
DA:87,1
DA:88,1
DA:90,1
DA:92,1
DA:96,1
DA:97,1
DA:98,1
DA:99,1
DA:104,1
DA:105,1
DA:123,1
DA:127,1
DA:128,1
DA:130,1
DA:132,1
DA:134,1
DA:136,1
DA:137,2
DA:138,2
DA:145,1
DA:147,1
DA:149,2
DA:150,1
DA:154,1
DA:155,1
DA:160,1
DA:161,1
DA:162,1
DA:163,1
DA:169,1
DA:172,1
DA:173,1
DA:175,1
DA:181,1
DA:182,1
DA:183,1
DA:185,3
DA:186,1
DA:190,1
DA:191,1
DA:195,1
DA:209,2
DA:210,1
DA:212,1
DA:225,1
DA:226,2
DA:227,4
DA:229,1
DA:231,4
DA:233,1
DA:238,1
DA:239,1
DA:240,1
DA:242,1
DA:243,1
DA:244,1
LF:92
LH:86
end_of_record
SF:lib\features\onboarding\widgets\onboarding_page_widget.dart
DA:12,1
DA:18,1
DA:19,1
DA:30,1
DA:32,1
DA:33,2
DA:38,3
DA:39,1
DA:40,1
DA:45,3
DA:46,1
DA:47,1
DA:52,2
DA:55,1
DA:56,1
DA:57,1
DA:62,2
DA:65,1
DA:67,2
DA:68,1
DA:71,0
DA:72,0
DA:74,0
DA:75,0
DA:79,0
DA:80,0
DA:82,0
DA:85,0
DA:86,0
DA:87,0
DA:95,0
DA:96,0
DA:97,0
DA:99,0
DA:101,0
DA:107,0
DA:108,0
DA:109,0
DA:111,0
DA:113,0
DA:119,0
DA:120,0
DA:121,0
DA:123,0
DA:125,0
DA:131,0
DA:136,0
DA:137,0
DA:138,0
DA:139,0
DA:145,0
DA:146,0
DA:147,0
DA:153,1
DA:155,1
DA:156,2
DA:158,1
DA:159,1
DA:160,1
DA:163,1
DA:164,3
DA:165,3
DA:166,1
DA:170,1
DA:171,1
DA:173,1
DA:175,1
DA:177,1
DA:178,1
DA:179,1
DA:180,1
DA:181,1
DA:188,1
DA:189,1
DA:190,1
DA:191,1
DA:192,1
DA:194,3
DA:195,1
DA:196,3
DA:197,3
DA:200,1
DA:217,1
DA:218,1
DA:219,1
DA:220,1
DA:221,1
DA:222,3
DA:223,1
DA:224,3
DA:225,3
DA:226,1
DA:236,4
DA:238,1
DA:239,1
DA:240,1
DA:244,1
DA:245,2
DA:246,1
DA:256,2
DA:259,1
DA:261,3
DA:266,1
DA:267,1
DA:274,1
DA:275,1
DA:276,1
DA:280,1
DA:281,2
DA:282,1
DA:284,1
DA:285,1
DA:300,1
DA:301,2
DA:304,3
DA:305,1
DA:308,1
DA:309,4
DA:310,1
DA:311,1
DA:312,0
DA:313,0
DA:320,1
DA:326,1
DA:329,1
DA:330,1
DA:334,1
DA:335,1
DA:337,1
DA:338,1
DA:339,1
DA:345,1
DA:346,3
DA:347,1
DA:353,1
DA:355,3
LF:136
LH:101
end_of_record
SF:lib\features\order\presentation\providers\cart_provider.dart
DA:35,8
DA:53,7
DA:70,7
DA:71,7
DA:72,6
DA:73,7
DA:74,7
DA:75,7
DA:76,7
DA:77,7
DA:79,7
DA:80,5
DA:81,7
DA:82,7
DA:83,7
DA:84,7
DA:85,7
DA:86,7
DA:91,3
DA:92,27
DA:96,24
DA:97,16
DA:101,24
DA:104,6
DA:110,18
DA:114,6
DA:117,6
DA:120,2
DA:122,6
DA:125,2
DA:126,4
DA:131,18
DA:132,1
DA:133,3
DA:134,0
DA:135,0
DA:139,12
DA:141,0
DA:142,0
DA:143,0
DA:145,0
DA:148,6
DA:149,24
DA:151,6
DA:157,24
DA:160,12
DA:163,7
DA:165,20
DA:170,0
DA:171,0
DA:175,0
DA:177,0
DA:178,0
DA:179,0
DA:181,0
DA:184,0
DA:186,0
DA:191,0
DA:192,0
DA:196,0
DA:198,0
DA:200,0
DA:204,0
DA:205,0
DA:206,0
DA:209,0
DA:211,0
DA:214,0
DA:216,0
DA:221,2
DA:222,6
DA:226,6
DA:228,4
DA:231,2
DA:232,2
DA:237,1
DA:241,2
DA:244,2
DA:246,2
DA:250,0
DA:253,0
DA:254,0
DA:257,0
DA:259,0
DA:260,0
DA:261,0
DA:266,0
DA:270,0
DA:271,0
DA:272,0
DA:276,0
DA:278,0
DA:280,0
DA:283,0
DA:284,0
DA:286,0
DA:287,0
DA:289,0
DA:290,0
DA:291,0
DA:292,0
DA:295,0
DA:296,0
DA:298,0
DA:299,0
DA:303,0
DA:305,6
DA:307,6
DA:313,1
DA:314,3
DA:318,2
DA:319,6
DA:323,1
DA:324,3
DA:336,0
DA:337,0
DA:341,6
DA:343,12
DA:345,30
DA:349,6
DA:350,1
DA:354,2
DA:357,2
DA:359,2
DA:361,1
DA:365,1
DA:373,0
DA:374,0
DA:378,1
DA:379,3
DA:381,3
DA:386,0
DA:387,0
DA:391,0
DA:392,0
DA:396,0
DA:397,0
DA:401,0
DA:402,0
DA:406,0
DA:412,0
DA:414,0
DA:415,0
LF:143
LH:73
end_of_record
SF:lib\core\config\business_config.dart
DA:5,6
DA:6,14
DA:8,1
DA:9,4
DA:11,1
DA:12,4
DA:14,0
DA:15,0
LF:8
LH:6
end_of_record
SF:lib\shared\models\promotion.dart
DA:59,1
DA:79,0
DA:80,0
DA:82,0
DA:85,1
DA:86,1
DA:87,2
DA:88,2
DA:89,2
DA:90,1
DA:94,0
DA:95,0
DA:96,0
DA:97,0
DA:101,0
DA:102,0
DA:103,0
DA:107,0
DA:108,0
DA:109,0
DA:111,0
DA:112,0
DA:114,0
DA:116,0
DA:118,0
DA:120,0
DA:125,0
DA:126,0
DA:133,1
DA:134,1
DA:135,1
DA:136,3
DA:137,0
DA:138,0
DA:139,0
DA:141,0
DA:147,0
DA:148,0
DA:149,0
DA:151,0
DA:153,0
DA:154,0
DA:155,0
DA:156,0
DA:158,0
DA:162,0
DA:181,0
DA:182,0
DA:183,0
DA:184,0
DA:185,0
DA:186,0
DA:187,0
DA:188,0
DA:189,0
DA:190,0
DA:191,0
DA:192,0
DA:193,0
DA:194,0
DA:195,0
DA:196,0
DA:197,0
DA:198,0
LF:64
LH:11
end_of_record
SF:lib\shared\models\promotion.g.dart
DA:9,0
DA:10,0
DA:11,0
DA:12,0
DA:13,0
DA:14,0
DA:15,0
DA:16,0
DA:17,0
DA:18,0
DA:19,0
DA:20,0
DA:21,0
DA:22,0
DA:23,0
DA:24,0
DA:25,0
DA:26,0
DA:29,0
DA:30,0
DA:31,0
DA:32,0
DA:33,0
DA:34,0
DA:35,0
DA:36,0
DA:37,0
DA:38,0
DA:39,0
DA:40,0
DA:41,0
DA:42,0
DA:43,0
DA:44,0
DA:45,0
DA:46,0
LF:36
LH:0
end_of_record
SF:lib\shared\models\address.dart
DA:20,0
DA:38,0
DA:55,0
DA:56,0
DA:57,0
DA:58,0
DA:59,0
DA:60,0
DA:61,0
DA:62,0
DA:63,0
DA:64,0
DA:65,0
DA:66,0
DA:67,0
DA:68,0
DA:69,0
DA:70,0
DA:74,0
DA:75,0
DA:76,0
DA:77,0
DA:78,0
DA:79,0
DA:80,0
DA:81,0
DA:82,0
DA:83,0
DA:84,0
DA:85,0
DA:86,0
DA:87,0
DA:88,0
DA:89,0
DA:90,0
DA:94,0
DA:95,0
DA:96,0
DA:97,0
DA:98,0
DA:99,0
DA:100,0
DA:101,0
DA:102,0
DA:103,0
DA:104,0
DA:105,0
DA:106,0
DA:107,0
DA:108,0
DA:109,0
DA:110,0
DA:114,0
DA:116,0
DA:118,0
DA:126,0
DA:129,0
DA:130,0
DA:131,0
DA:132,0
DA:133,0
DA:134,0
DA:135,0
DA:136,0
DA:137,0
DA:138,0
DA:139,0
DA:140,0
DA:141,0
DA:142,0
DA:145,0
DA:146,0
DA:147,0
DA:148,0
DA:149,0
DA:150,0
DA:151,0
DA:152,0
DA:153,0
DA:154,0
DA:155,0
DA:156,0
DA:157,0
DA:158,0
DA:159,0
LF:85
LH:0
end_of_record
SF:lib\features\order\presentation\providers\payment_provider.dart
DA:31,1
DA:41,1
DA:50,1
DA:51,0
DA:52,1
DA:53,1
DA:54,1
DA:55,1
DA:56,1
DA:57,1
DA:62,0
DA:63,0
DA:64,0
DA:65,0
DA:66,0
DA:67,0
DA:68,0
DA:69,0
DA:70,0
DA:71,0
DA:72,0
DA:77,1
DA:78,0
DA:79,0
DA:80,2
DA:86,1
DA:97,2
DA:105,3
DA:108,1
DA:113,2
DA:114,0
DA:118,2
DA:131,3
DA:133,1
DA:139,2
DA:140,2
DA:141,1
DA:144,2
DA:147,0
DA:150,1
DA:151,1
DA:155,0
DA:156,0
DA:157,0
DA:159,0
DA:163,0
DA:165,0
DA:169,0
DA:170,0
DA:176,1
DA:179,1
DA:183,3
DA:189,2
DA:193,1
DA:194,1
DA:195,1
DA:199,3
DA:205,1
DA:209,2
DA:210,1
DA:212,0
DA:215,1
DA:222,0
DA:223,0
DA:225,0
DA:228,0
DA:230,0
DA:231,0
DA:234,0
DA:235,0
DA:244,0
DA:246,0
DA:248,0
DA:251,0
DA:259,0
DA:262,0
DA:263,0
DA:266,0
DA:268,0
DA:271,0
DA:275,0
DA:276,0
DA:279,0
DA:280,0
DA:284,0
DA:285,0
DA:288,0
DA:290,0
DA:291,0
DA:297,0
DA:298,0
DA:303,0
DA:309,0
DA:310,0
DA:311,0
DA:314,0
DA:319,0
DA:320,0
DA:322,0
DA:327,0
DA:328,0
DA:329,0
DA:333,0
DA:334,0
DA:335,0
DA:337,0
DA:339,0
DA:341,0
DA:350,0
DA:351,0
DA:352,0
LF:111
LH:37
end_of_record
SF:lib\core\services\payfast_service.dart
DA:13,6
DA:14,4
DA:15,2
DA:24,2
DA:35,4
DA:43,4
DA:44,0
DA:48,2
DA:49,0
DA:53,2
DA:54,0
DA:59,2
DA:62,2
DA:63,2
DA:64,2
DA:65,2
DA:66,2
DA:67,2
DA:69,2
DA:70,2
DA:72,0
DA:80,2
DA:81,2
DA:84,2
DA:92,2
DA:93,2
DA:97,0
DA:100,0
DA:101,0
DA:106,2
DA:114,4
DA:115,0
DA:124,0
DA:127,0
DA:129,4
DA:136,0
DA:140,0
DA:144,0
DA:145,0
DA:150,0
DA:151,0
DA:152,0
DA:156,0
DA:157,0
DA:159,0
DA:161,0
DA:166,0
DA:169,0
DA:171,0
DA:176,0
DA:183,0
DA:185,0
DA:186,0
DA:188,0
DA:189,0
DA:190,0
DA:194,0
DA:195,0
DA:197,0
DA:198,0
DA:202,0
DA:208,0
DA:210,0
DA:211,0
DA:213,0
DA:214,0
DA:215,0
DA:219,0
DA:220,0
DA:222,0
DA:223,0
DA:224,0
DA:225,0
DA:231,0
DA:238,0
DA:241,0
DA:244,0
DA:245,0
DA:248,0
DA:252,0
DA:254,0
DA:255,0
DA:259,0
DA:265,0
DA:267,0
DA:272,0
DA:276,0
DA:281,0
DA:283,0
DA:288,0
DA:294,0
DA:295,0
DA:297,0
DA:300,0
DA:301,0
DA:304,0
DA:305,0
DA:306,0
DA:307,0
DA:309,0
DA:311,0
DA:318,0
DA:319,0
DA:320,0
DA:322,0
DA:324,0
DA:332,0
DA:333,0
DA:334,0
DA:336,0
DA:338,0
DA:346,0
DA:348,0
DA:349,0
DA:352,0
DA:353,0
DA:354,0
DA:355,0
DA:356,0
DA:359,0
DA:363,0
DA:366,0
DA:374,0
DA:379,0
DA:388,0
DA:390,0
DA:396,0
DA:399,0
DA:402,0
DA:403,0
DA:408,0
DA:414,0
DA:415,0
DA:416,0
DA:419,0
DA:421,0
DA:422,0
DA:425,0
DA:427,0
LF:139
LH:25
end_of_record
SF:lib\core\services\connectivity_service.dart
DA:7,6
DA:8,4
DA:9,2
DA:19,0
DA:22,0
DA:23,0
DA:26,0
DA:29,0
DA:30,0
DA:31,0
DA:32,0
DA:36,0
DA:40,0
DA:41,0
DA:42,0
DA:45,0
DA:47,0
DA:48,0
DA:50,0
DA:51,0
DA:55,0
DA:56,0
DA:59,0
DA:60,0
DA:61,0
DA:64,0
DA:66,0
DA:67,0
DA:69,0
DA:71,0
DA:76,4
DA:79,0
DA:80,0
DA:84,0
DA:86,0
DA:88,0
DA:90,0
DA:92,0
DA:94,0
DA:96,0
DA:104,0
DA:107,0
DA:110,0
DA:111,0
DA:112,0
DA:113,0
LF:46
LH:4
end_of_record
SF:lib\core\security\payment_security.dart
DA:10,2
DA:11,2
DA:15,2
DA:16,2
DA:19,6
DA:23,10
DA:24,2
DA:27,2
DA:28,2
DA:29,2
DA:30,2
DA:33,2
DA:34,2
DA:35,2
DA:37,2
DA:40,0
DA:47,0
DA:51,0
DA:54,0
DA:55,0
DA:58,0
DA:60,0
DA:61,0
DA:66,0
DA:73,2
DA:75,2
DA:78,4
DA:81,4
DA:87,2
DA:89,2
DA:90,0
DA:95,2
DA:96,0
DA:101,8
DA:102,2
DA:103,0
DA:111,2
DA:112,2
DA:113,2
DA:115,4
DA:116,0
DA:121,8
DA:122,0
DA:130,2
DA:131,4
DA:132,2
DA:136,0
DA:137,0
DA:138,0
DA:139,0
DA:143,0
DA:158,0
DA:159,0
DA:162,0
DA:169,0
DA:170,0
DA:171,0
DA:172,0
LF:58
LH:32
end_of_record
SF:lib\core\utils\app_logger.dart
DA:22,3
DA:26,6
DA:29,3
DA:30,15
DA:32,3
DA:33,0
DA:35,3
DA:36,3
DA:44,4
DA:48,4
DA:52,4
DA:53,0
DA:54,0
DA:58,4
DA:59,4
DA:62,8
DA:63,0
DA:64,0
DA:73,3
DA:74,3
DA:77,4
DA:78,4
DA:80,6
DA:84,0
DA:85,0
DA:87,0
DA:90,0
DA:93,0
DA:94,0
DA:99,3
DA:100,3
DA:103,1
DA:104,2
DA:106,0
DA:108,0
DA:109,0
DA:110,0
DA:111,0
DA:116,3
DA:118,6
DA:120,0
DA:123,3
DA:124,9
DA:129,3
DA:135,3
DA:136,3
DA:137,6
DA:138,6
DA:140,3
DA:141,6
DA:142,9
DA:143,3
DA:144,6
DA:145,6
DA:146,9
DA:149,3
DA:151,9
DA:153,9
DA:154,6
DA:158,0
DA:159,0
DA:160,0
DA:162,0
DA:163,0
DA:166,0
DA:167,0
DA:169,0
DA:172,0
DA:178,0
DA:179,0
DA:181,0
DA:184,0
DA:185,0
DA:187,0
DA:190,0
DA:191,0
DA:192,0
DA:193,0
DA:194,0
DA:197,0
DA:203,0
DA:204,0
DA:205,0
DA:207,0
DA:210,0
DA:212,0
DA:215,0
DA:216,0
DA:217,0
DA:219,0
DA:222,0
DA:225,0
DA:226,0
DA:231,0
DA:232,0
DA:235,0
DA:236,0
DA:241,4
DA:242,4
DA:243,4
DA:244,8
DA:245,8
DA:246,4
DA:247,12
DA:250,8
DA:254,0
DA:255,0
DA:257,0
DA:259,0
DA:263,0
DA:264,0
DA:266,0
DA:267,0
DA:270,0
DA:274,0
DA:276,0
DA:277,0
LF:117
LH:50
end_of_record
SF:lib\core\utils\error_handler.dart
DA:12,0
DA:14,0
DA:16,0
DA:22,0
DA:26,0
DA:30,0
DA:34,0
DA:38,0
DA:42,0
DA:46,0
DA:52,0
DA:53,0
DA:55,0
DA:57,0
DA:59,0
DA:61,0
DA:63,0
DA:64,0
DA:65,0
DA:67,0
DA:69,0
DA:70,0
DA:71,0
DA:73,0
DA:75,0
DA:77,0
DA:79,0
DA:80,0
DA:87,0
DA:94,0
DA:97,0
DA:98,0
DA:99,0
DA:100,0
DA:101,0
DA:102,0
DA:103,0
DA:104,0
DA:109,0
DA:110,0
DA:111,0
DA:112,0
DA:114,0
DA:123,0
DA:129,0
DA:130,0
DA:131,0
DA:134,0
DA:145,0
DA:152,0
DA:153,0
DA:158,0
DA:167,0
DA:170,0
DA:174,0
DA:176,0
LF:56
LH:0
end_of_record
SF:lib\shared\models\payment_transaction.dart
DA:32,0
DA:49,0
DA:50,0
DA:52,0
DA:54,0
DA:70,0
DA:71,0
DA:72,0
DA:73,0
DA:74,0
DA:75,0
DA:76,0
DA:77,0
DA:78,0
DA:79,0
DA:80,0
DA:81,0
DA:82,0
DA:83,0
DA:84,0
DA:89,0
DA:90,0
DA:91,0
DA:92,0
DA:93,0
DA:95,0
DA:96,0
DA:97,0
DA:99,0
DA:101,0
DA:103,0
DA:105,0
LF:32
LH:0
end_of_record
SF:lib\shared\models\payment_transaction.g.dart
DA:9,0
DA:10,0
DA:11,0
DA:12,0
DA:13,0
DA:14,0
DA:15,0
DA:16,0
DA:17,0
DA:18,0
DA:19,0
DA:20,0
DA:21,0
DA:22,0
DA:23,0
DA:25,0
DA:26,0
DA:28,0
DA:31,0
DA:32,0
DA:33,0
DA:34,0
DA:35,0
DA:36,0
DA:37,0
DA:38,0
DA:39,0
DA:40,0
DA:41,0
DA:42,0
DA:43,0
DA:44,0
DA:45,0
DA:46,0
LF:34
LH:0
end_of_record
SF:lib\features\order\presentation\screens\payment_result_screen.dart
DA:12,1
DA:20,1
DA:22,1
DA:23,1
DA:24,1
DA:25,2
DA:28,1
DA:29,1
DA:31,1
DA:33,1
DA:34,1
DA:35,1
DA:37,3
DA:40,1
DA:41,1
DA:42,3
DA:46,2
DA:47,1
DA:48,2
DA:49,2
DA:51,2
DA:53,5
DA:55,1
DA:56,1
DA:57,1
DA:58,2
DA:62,1
DA:63,2
DA:64,1
DA:65,1
DA:66,1
DA:67,1
DA:68,4
DA:76,1
DA:77,2
DA:81,1
DA:82,1
DA:83,1
DA:84,1
DA:85,1
DA:86,2
DA:94,1
DA:95,2
DA:100,1
DA:101,2
LF:45
LH:45
end_of_record
SF:lib\features\order\presentation\screens\promo_detail_screen.dart
DA:17,1
DA:19,1
DA:21,1
DA:22,1
DA:23,1
DA:24,1
DA:25,3
DA:26,0
DA:27,1
DA:28,2
DA:31,1
DA:32,1
DA:34,0
DA:37,1
DA:39,0
DA:41,0
DA:44,1
DA:45,0
DA:46,0
DA:47,0
DA:48,0
DA:49,0
DA:50,0
DA:55,0
DA:57,0
DA:58,0
DA:60,0
DA:61,0
DA:62,0
DA:64,0
DA:76,1
DA:78,1
DA:80,1
DA:81,2
DA:82,1
DA:84,5
DA:85,2
DA:88,2
DA:91,4
DA:92,1
DA:95,1
DA:97,1
DA:99,1
DA:100,1
DA:101,2
DA:102,3
DA:105,1
DA:106,2
DA:107,3
DA:110,1
DA:111,2
DA:112,2
DA:115,1
DA:116,1
DA:119,1
DA:120,2
DA:121,4
DA:125,3
DA:127,1
DA:128,1
DA:131,5
DA:135,1
DA:136,1
DA:138,1
DA:139,0
DA:141,4
DA:144,1
DA:146,1
DA:148,3
DA:160,1
DA:161,1
DA:163,1
DA:164,1
DA:166,1
DA:168,1
DA:171,2
DA:173,1
DA:175,1
DA:176,1
DA:177,0
DA:182,1
DA:183,1
DA:184,1
LF:83
LH:64
end_of_record
SF:lib\core\services\promotion_service.dart
DA:7,0
DA:8,0
DA:9,0
DA:14,0
DA:15,0
DA:16,0
DA:19,0
DA:20,0
DA:21,0
DA:22,0
DA:23,0
DA:24,0
DA:27,0
DA:29,0
DA:34,0
DA:35,0
DA:36,0
DA:38,0
DA:39,0
DA:40,0
DA:44,0
DA:51,0
DA:58,0
DA:59,0
DA:67,0
DA:68,0
DA:69,0
DA:70,0
DA:71,0
DA:74,0
DA:78,0
DA:81,0
DA:82,0
DA:87,0
DA:88,0
DA:89,0
DA:90,0
DA:95,0
DA:96,0
DA:97,0
DA:98,0
DA:103,0
DA:104,0
DA:109,0
DA:110,0
DA:112,0
DA:114,0
DA:115,0
DA:116,0
DA:121,0
DA:122,0
DA:127,0
DA:134,0
DA:137,0
DA:138,0
DA:139,0
DA:140,0
DA:141,0
DA:143,0
DA:145,0
DA:151,0
DA:157,0
DA:158,0
DA:167,0
DA:172,0
DA:176,0
DA:180,0
DA:181,0
DA:183,0
DA:190,0
DA:192,0
DA:193,0
DA:196,0
DA:197,0
DA:198,0
DA:206,0
DA:207,0
DA:208,0
DA:210,0
DA:211,0
DA:212,0
DA:214,0
DA:216,0
DA:223,0
DA:224,0
DA:227,0
DA:228,0
DA:229,0
DA:230,0
DA:231,0
DA:232,0
DA:233,0
DA:236,0
DA:237,0
DA:238,0
DA:240,0
DA:241,0
DA:242,0
DA:246,0
DA:253,0
DA:254,0
DA:255,0
DA:258,0
DA:259,0
DA:260,0
DA:261,0
DA:262,0
DA:265,0
DA:269,0
DA:270,0
DA:271,0
DA:276,0
DA:282,0
DA:287,0
DA:288,0
DA:295,0
DA:298,0
DA:300,0
DA:301,0
DA:304,0
DA:307,0
DA:309,0
DA:310,0
DA:312,0
DA:313,0
DA:314,0
DA:317,0
DA:318,0
DA:319,0
DA:323,0
LF:130
LH:0
end_of_record
SF:lib\features\order\presentation\providers\place_order_provider.dart
DA:19,2
DA:31,2
DA:42,2
DA:43,1
DA:44,2
DA:45,2
DA:46,2
DA:47,2
DA:48,2
DA:49,2
DA:50,2
DA:51,2
DA:57,4
DA:58,2
DA:59,4
DA:65,6
DA:68,1
DA:78,3
DA:82,1
DA:85,3
DA:86,1
DA:88,1
DA:89,1
DA:93,0
DA:94,0
DA:95,0
DA:96,0
DA:97,0
DA:100,0
DA:101,0
DA:106,0
DA:116,0
DA:118,0
DA:121,0
DA:123,0
DA:124,0
DA:129,0
DA:132,0
DA:135,0
DA:137,4
DA:142,1
DA:143,3
DA:147,1
DA:148,3
DA:152,0
DA:153,0
DA:157,0
DA:161,0
DA:162,0
DA:164,0
DA:165,0
DA:170,0
DA:178,1
DA:179,3
DA:183,1
DA:184,2
LF:56
LH:32
end_of_record
SF:lib\core\services\payment_service.dart
DA:15,24
DA:16,16
DA:17,8
DA:24,1
DA:30,1
DA:33,1
DA:36,1
DA:41,1
DA:43,1
DA:46,1
DA:49,0
DA:56,0
DA:61,0
DA:62,0
DA:71,0
DA:79,0
DA:81,0
DA:82,0
DA:93,0
DA:101,0
DA:103,0
DA:104,0
DA:105,0
DA:106,0
DA:113,0
DA:123,0
DA:130,0
DA:133,0
DA:136,0
DA:141,0
DA:144,0
DA:146,0
DA:152,0
DA:153,0
DA:156,0
DA:160,0
DA:161,0
DA:162,0
DA:164,0
DA:166,0
DA:167,0
DA:169,0
DA:170,0
DA:177,0
DA:178,0
DA:188,3
DA:189,3
DA:190,3
DA:197,3
DA:208,1
DA:210,1
DA:212,1
DA:218,7
DA:220,14
DA:223,14
DA:228,28
DA:236,28
DA:237,14
DA:240,7
DA:241,7
DA:242,7
DA:246,7
DA:250,14
DA:254,3
DA:255,6
DA:259,3
DA:260,3
DA:261,3
DA:264,3
DA:267,3
DA:271,6
DA:279,3
DA:281,6
DA:284,6
DA:289,3
DA:290,3
DA:292,6
DA:296,3
DA:297,6
DA:299,3
DA:304,6
DA:309,4
DA:310,2
DA:312,2
DA:317,4
DA:322,2
DA:324,2
DA:329,4
DA:334,4
LF:89
LH:54
end_of_record
SF:lib\features\order\data\repositories\cart_order_repository.dart
DA:11,1
DA:12,1
DA:13,1
DA:15,1
DA:16,4
DA:19,0
DA:20,0
DA:21,0
DA:23,0
DA:25,0
DA:29,1
DA:30,2
DA:31,2
DA:32,2
DA:37,0
DA:42,0
DA:45,0
DA:55,0
DA:56,0
LF:19
LH:9
end_of_record
SF:lib\features\order\presentation\providers\order_provider.dart
DA:14,1
DA:22,1
DA:29,1
DA:30,1
DA:31,1
DA:32,1
DA:33,1
DA:34,1
DA:40,3
DA:41,2
DA:45,3
DA:48,1
DA:49,3
DA:52,1
DA:53,1
DA:55,1
DA:56,1
DA:57,3
DA:59,0
DA:60,0
DA:64,0
DA:69,1
DA:70,3
DA:73,1
DA:74,2
DA:76,1
DA:77,0
DA:78,0
DA:79,0
DA:81,0
DA:85,1
DA:86,4
DA:90,0
DA:95,1
DA:96,3
DA:100,1
DA:102,4
DA:103,3
DA:105,0
DA:110,1
DA:111,3
DA:115,1
DA:117,2
DA:118,4
DA:119,1
DA:120,3
DA:122,0
DA:127,1
DA:128,3
DA:132,1
DA:134,3
DA:135,0
DA:136,0
DA:139,1
DA:141,3
DA:142,0
DA:143,2
DA:145,3
DA:151,0
DA:156,1
DA:157,3
DA:161,0
DA:162,0
LF:63
LH:47
end_of_record
SF:lib\core\services\notification_service.dart
DA:8,6
DA:9,4
DA:10,2
DA:14,2
DA:16,2
DA:33,4
DA:35,0
DA:36,0
DA:37,0
DA:44,0
DA:49,1
DA:75,1
DA:80,0
DA:82,0
DA:86,0
DA:87,0
DA:88,0
DA:97,2
DA:108,1
DA:116,1
DA:117,1
DA:119,1
DA:121,0
DA:123,0
DA:125,0
DA:127,0
DA:129,0
DA:131,0
DA:133,0
DA:135,0
DA:137,0
DA:139,0
DA:143,0
DA:147,1
DA:148,1
DA:151,1
DA:156,1
DA:161,1
DA:162,2
DA:170,1
DA:178,1
DA:181,0
DA:184,1
DA:186,1
DA:187,2
DA:190,1
DA:195,1
DA:200,1
DA:201,2
DA:209,2
DA:215,2
DA:216,2
DA:218,0
LF:53
LH:31
end_of_record
SF:lib\features\authentication\presentation\providers\user_provider.dart
DA:11,1
DA:18,1
DA:24,1
DA:25,1
DA:26,1
DA:27,0
DA:28,1
DA:34,3
DA:35,2
DA:39,3
DA:42,1
DA:43,3
DA:47,1
DA:50,1
DA:55,2
DA:56,1
DA:57,1
DA:58,1
DA:65,3
DA:71,0
DA:76,1
DA:77,3
DA:81,1
DA:84,2
DA:86,3
DA:88,0
DA:93,1
DA:94,3
DA:98,1
DA:101,1
DA:102,3
DA:105,1
DA:106,1
DA:109,3
DA:115,0
DA:123,1
DA:124,3
DA:128,1
DA:131,1
DA:132,3
DA:135,1
DA:136,1
DA:139,3
DA:145,0
DA:153,1
DA:154,3
DA:158,1
DA:160,3
DA:166,0
DA:171,0
DA:172,0
LF:51
LH:43
end_of_record
SF:lib\shared\models\user_profile.dart
DA:23,1
DA:35,0
DA:36,0
DA:38,0
DA:40,1
DA:51,1
DA:52,1
DA:53,1
DA:54,1
DA:55,1
DA:56,1
DA:57,1
DA:58,1
DA:59,1
DA:60,1
LF:15
LH:12
end_of_record
SF:lib\shared\models\user_profile.g.dart
DA:9,0
DA:10,0
DA:11,0
DA:12,0
DA:13,0
DA:14,0
DA:15,0
DA:16,0
DA:17,0
DA:18,0
DA:21,0
DA:22,0
DA:23,0
DA:24,0
DA:25,0
DA:26,0
DA:27,0
DA:28,0
DA:29,0
DA:30,0
DA:31,0
LF:21
LH:0
end_of_record
SF:lib\core\config\payment_config.dart
DA:34,3
DA:36,1
DA:40,3
DA:44,3
DA:45,3
DA:46,3
DA:47,3
DA:50,3
DA:51,6
DA:52,6
DA:53,6
DA:56,3
DA:57,3
DA:61,3
DA:66,3
DA:67,3
DA:69,0
DA:76,0
DA:81,3
DA:82,3
DA:84,3
DA:85,0
DA:87,3
DA:88,0
DA:90,3
DA:91,0
DA:94,3
DA:95,0
DA:96,0
DA:99,0
DA:104,3
DA:105,3
DA:113,6
DA:116,3
DA:122,3
DA:125,1
DA:128,0
DA:131,0
DA:134,0
DA:137,0
DA:140,0
DA:143,0
DA:146,1
DA:149,1
DA:152,2
DA:153,2
DA:155,2
DA:156,2
DA:157,0
DA:158,0
DA:164,1
DA:177,0
DA:179,0
DA:181,0
DA:183,0
DA:185,0
DA:191,3
DA:193,3
DA:194,6
DA:199,6
DA:200,6
DA:208,2
DA:210,2
DA:212,1
DA:214,1
DA:216,1
DA:222,2
DA:224,2
DA:226,1
DA:228,0
DA:230,0
DA:236,0
DA:238,0
DA:240,0
DA:242,0
DA:244,0
DA:252,1
DA:253,1
DA:255,5
DA:256,2
DA:257,1
DA:261,1
DA:266,1
DA:269,1
DA:272,1
DA:276,2
DA:283,3
DA:285,6
DA:287,9
DA:294,3
DA:296,6
DA:298,3
DA:307,0
DA:308,0
DA:309,0
DA:314,0
DA:317,0
DA:320,0
DA:323,0
DA:328,0
DA:332,0
DA:334,0
LF:102
LH:64
end_of_record
SF:lib\core\config\environment_config.dart
DA:12,6
DA:15,0
DA:16,0
DA:18,0
DA:19,0
DA:22,0
DA:31,0
DA:35,6
DA:38,0
DA:41,0
DA:44,0
DA:49,0
DA:50,0
DA:51,0
DA:52,0
DA:53,0
DA:54,0
DA:55,0
DA:56,0
DA:61,0
DA:62,0
DA:63,0
DA:64,0
DA:65,0
DA:66,0
DA:67,0
DA:68,0
DA:73,0
DA:74,0
DA:75,0
DA:76,0
DA:77,0
DA:78,0
DA:79,0
DA:80,0
DA:85,0
DA:86,0
DA:89,0
DA:93,0
DA:94,0
DA:97,0
DA:101,0
DA:102,0
DA:106,0
DA:107,0
DA:110,0
DA:114,0
DA:115,0
DA:118,0
DA:122,0
DA:123,0
DA:127,0
DA:128,0
DA:129,0
DA:131,0
DA:133,0
DA:139,0
DA:140,0
DA:144,0
DA:145,0
DA:146,0
DA:153,0
DA:154,0
DA:156,0
DA:157,0
DA:158,0
DA:162,0
DA:163,0
DA:164,0
DA:166,0
DA:168,0
DA:176,0
DA:177,0
DA:178,0
DA:179,0
DA:180,0
DA:181,0
DA:182,0
DA:183,0
DA:184,0
DA:185,0
DA:186,0
DA:187,0
DA:188,0
DA:189,0
DA:190,0
LF:86
LH:2
end_of_record
SF:lib\core\services\delivery_tracking_service.dart
DA:6,4
DA:7,2
DA:8,4
DA:9,2
DA:15,2
DA:19,4
DA:22,4
DA:23,0
DA:28,2
DA:29,4
DA:33,1
DA:34,2
DA:35,2
DA:36,1
DA:37,1
DA:41,0
DA:45,0
DA:46,0
DA:49,0
DA:51,0
DA:52,0
DA:53,0
DA:55,0
DA:56,0
DA:57,0
DA:60,0
DA:64,0
DA:67,0
DA:68,0
DA:71,0
DA:73,0
DA:75,0
DA:77,0
DA:85,2
DA:88,2
DA:89,2
DA:92,4
DA:94,2
DA:95,12
DA:96,10
DA:99,2
DA:100,2
DA:105,2
DA:106,2
DA:118,1
DA:119,2
DA:123,2
DA:125,6
DA:126,6
DA:127,2
LF:50
LH:31
end_of_record
SF:lib\shared\models\delivery.dart
DA:17,2
DA:29,0
DA:30,0
DA:32,0
DA:34,0
DA:45,0
DA:46,0
DA:47,0
DA:48,0
DA:49,0
DA:50,0
DA:51,0
DA:52,0
DA:53,0
DA:54,0
LF:15
LH:1
end_of_record
SF:lib\shared\models\delivery.g.dart
DA:9,0
DA:10,0
DA:11,0
DA:12,0
DA:13,0
DA:15,0
DA:16,0
DA:18,0
DA:19,0
DA:20,0
DA:21,0
DA:22,0
DA:25,0
DA:26,0
DA:27,0
DA:28,0
DA:29,0
DA:30,0
DA:31,0
DA:32,0
DA:33,0
DA:34,0
LF:22
LH:0
end_of_record
SF:lib\features\order\presentation\screens\cart_screen.dart
DA:9,1
DA:11,1
DA:12,1
DA:20,1
DA:22,1
DA:23,1
DA:26,1
DA:28,2
DA:29,1
DA:33,1
DA:34,3
DA:35,1
DA:37,1
DA:39,0
DA:40,0
DA:41,0
DA:42,0
DA:43,0
DA:53,0
DA:54,0
DA:58,0
DA:60,0
DA:63,1
DA:65,3
DA:67,1
DA:68,1
DA:70,1
DA:71,2
DA:72,0
DA:75,0
DA:76,0
DA:81,2
DA:82,1
DA:83,0
DA:84,2
DA:85,0
DA:91,1
DA:92,1
DA:93,0
DA:94,0
DA:100,0
DA:105,0
DA:106,0
DA:108,0
DA:112,0
DA:113,0
DA:115,0
DA:116,0
DA:117,0
DA:118,0
DA:119,0
DA:120,0
DA:126,0
DA:129,0
DA:135,0
DA:136,0
DA:137,0
DA:140,0
DA:146,0
DA:147,0
DA:148,0
DA:149,0
DA:155,0
DA:156,0
DA:157,0
DA:159,0
DA:160,0
DA:161,0
DA:170,0
DA:171,0
DA:173,0
DA:183,0
DA:184,0
DA:200,0
DA:207,0
DA:210,0
DA:211,0
DA:213,0
DA:214,0
DA:217,0
DA:218,0
DA:219,0
DA:224,0
DA:227,0
DA:232,0
DA:235,0
DA:241,0
DA:244,0
DA:245,0
DA:246,0
DA:250,0
DA:253,0
DA:254,0
DA:256,0
DA:257,0
DA:267,0
DA:268,0
DA:276,0
DA:277,0
DA:278,0
DA:279,0
DA:281,0
DA:282,0
DA:283,0
DA:285,0
DA:286,0
DA:287,0
DA:288,0
DA:290,0
DA:305,0
DA:307,0
DA:309,0
DA:310,0
DA:319,0
DA:320,0
DA:321,0
DA:322,0
DA:324,0
DA:326,0
DA:327,0
DA:334,0
DA:335,0
DA:337,0
DA:338,0
DA:340,0
DA:344,0
DA:346,0
DA:347,0
DA:354,0
DA:361,0
DA:363,0
DA:364,0
DA:372,0
DA:373,0
DA:374,0
DA:376,0
DA:381,0
DA:382,0
DA:383,0
DA:385,0
DA:387,0
DA:388,0
DA:390,0
DA:392,0
DA:393,0
DA:411,0
DA:417,0
DA:418,0
DA:419,0
DA:420,0
DA:421,0
DA:422,0
DA:423,0
DA:426,0
DA:427,0
DA:430,0
DA:435,0
DA:436,0
DA:449,0
DA:450,0
DA:451,0
DA:452,0
DA:453,0
DA:454,0
DA:455,0
DA:458,0
DA:459,0
DA:470,0
DA:472,0
DA:474,0
DA:475,0
DA:477,0
DA:478,0
DA:479,0
DA:481,0
DA:483,0
DA:492,0
DA:493,0
DA:495,0
DA:504,0
DA:505,0
DA:506,0
DA:509,0
DA:515,0
DA:517,0
DA:518,0
DA:519,0
DA:529,0
DA:531,0
DA:533,0
DA:535,0
DA:536,0
DA:537,0
DA:547,0
DA:548,0
DA:549,0
DA:550,0
DA:551,0
DA:553,0
DA:555,0
DA:556,0
DA:567,0
DA:568,0
DA:570,0
DA:571,0
DA:573,0
DA:574,0
DA:577,0
DA:582,0
DA:583,0
DA:586,0
DA:603,0
DA:604,0
DA:606,0
DA:608,0
DA:610,0
DA:616,0
DA:618,0
DA:620,0
DA:622,0
DA:624,0
DA:626,0
DA:628,0
DA:629,0
DA:630,0
DA:631,0
DA:635,0
DA:638,0
DA:639,0
DA:640,0
DA:641,0
DA:643,0
DA:644,0
DA:645,0
DA:647,0
DA:649,0
DA:651,0
DA:655,0
DA:656,0
DA:657,0
DA:660,0
DA:667,0
DA:668,0
DA:670,0
DA:680,0
DA:686,0
DA:688,0
DA:690,0
DA:691,0
DA:693,0
DA:699,0
DA:701,0
DA:713,0
DA:714,0
DA:727,0
DA:729,0
DA:730,0
DA:733,0
DA:738,0
DA:739,0
DA:748,0
DA:749,0
DA:752,0
DA:763,0
DA:764,0
DA:766,0
DA:768,0
DA:770,0
DA:771,0
DA:773,0
DA:777,0
DA:778,0
DA:779,0
DA:781,0
DA:782,0
DA:784,0
DA:785,0
DA:793,0
DA:798,0
DA:800,0
DA:802,0
DA:803,0
DA:804,0
DA:805,0
DA:807,0
DA:809,0
DA:810,0
DA:812,0
DA:814,0
DA:827,0
DA:828,0
DA:829,0
DA:830,0
DA:832,0
DA:835,0
DA:836,0
DA:838,0
DA:839,0
DA:840,0
DA:841,0
DA:843,0
DA:845,0
DA:846,0
DA:848,0
DA:849,0
DA:850,0
DA:852,0
DA:859,0
DA:866,0
DA:867,0
DA:869,0
DA:871,0
DA:873,0
DA:875,0
DA:877,0
DA:880,0
DA:885,0
DA:886,0
DA:887,0
DA:888,0
DA:889,0
DA:890,0
DA:891,0
DA:895,0
DA:896,0
DA:898,0
DA:899,0
DA:901,0
DA:902,0
DA:903,0
DA:904,0
DA:905,0
DA:908,0
DA:909,0
DA:912,0
DA:913,0
DA:914,0
DA:918,0
DA:919,0
DA:921,0
DA:925,0
DA:926,0
DA:927,0
DA:930,0
DA:931,0
DA:932,0
DA:933,0
DA:934,0
DA:947,0
LF:349
LH:24
end_of_record
SF:lib\shared\widgets\empty_state_widget.dart
DA:16,1
DA:28,0
DA:29,0
DA:39,1
DA:40,1
DA:50,0
DA:51,0
DA:61,0
DA:62,0
DA:74,0
DA:75,0
DA:85,0
DA:86,0
DA:96,0
DA:97,0
DA:107,0
DA:108,0
DA:111,0
DA:118,0
DA:119,0
DA:129,0
DA:137,1
DA:139,1
DA:140,1
DA:142,1
DA:143,1
DA:145,1
DA:147,1
DA:149,1
DA:151,1
DA:152,3
DA:155,1
DA:156,1
DA:157,1
DA:158,2
DA:165,1
DA:166,1
DA:167,3
DA:169,1
DA:177,1
DA:178,1
DA:179,3
DA:180,2
DA:186,3
DA:188,1
DA:189,1
DA:191,2
DA:192,1
LF:48
LH:30
end_of_record
SF:lib\features\order\presentation\screens\order_tracking_screen.dart
DA:15,2
DA:17,1
DA:18,1
DA:30,1
DA:32,1
DA:33,2
DA:36,3
DA:37,3
DA:39,1
DA:40,2
DA:41,3
DA:44,3
DA:45,0
DA:46,0
DA:47,0
DA:52,4
DA:53,1
DA:54,2
DA:55,1
DA:60,1
DA:61,0
DA:66,0
DA:68,0
DA:69,0
DA:71,0
DA:72,0
DA:74,0
DA:75,0
DA:76,0
DA:79,0
DA:80,0
DA:84,0
DA:85,0
DA:86,0
DA:92,0
DA:94,0
DA:95,0
DA:96,0
DA:99,1
DA:101,1
DA:102,1
DA:106,1
DA:107,0
DA:108,0
DA:110,1
DA:114,0
DA:115,0
DA:116,0
DA:118,0
DA:120,0
DA:123,0
DA:125,0
DA:127,0
DA:128,0
DA:129,0
DA:134,0
DA:135,0
DA:136,0
DA:138,0
DA:152,1
DA:153,1
DA:154,1
DA:156,1
DA:158,1
DA:160,1
DA:161,1
DA:163,1
DA:165,1
DA:166,1
DA:168,1
DA:173,1
DA:174,2
DA:183,1
DA:185,1
DA:190,1
DA:191,4
DA:200,1
DA:202,1
DA:207,1
DA:208,3
DA:209,1
DA:212,3
DA:225,1
DA:226,1
DA:227,1
DA:233,1
DA:238,1
DA:243,1
DA:250,1
DA:251,1
DA:252,5
DA:253,0
DA:254,0
DA:256,0
DA:257,0
DA:259,0
DA:261,0
DA:267,0
DA:268,0
DA:269,0
DA:272,0
DA:274,0
DA:283,0
DA:284,0
DA:286,0
DA:287,0
DA:288,0
DA:294,0
DA:295,0
DA:302,0
DA:303,0
DA:311,0
DA:312,0
DA:314,0
DA:330,1
DA:331,1
DA:332,1
DA:334,1
DA:336,1
DA:342,1
DA:343,1
DA:344,1
DA:347,1
DA:348,1
DA:349,1
DA:358,1
DA:359,1
DA:361,1
DA:370,1
DA:371,1
DA:405,1
DA:406,1
DA:407,5
DA:408,0
DA:409,0
DA:412,0
DA:413,0
DA:415,0
DA:417,0
DA:423,0
DA:424,0
DA:425,0
DA:429,0
DA:430,0
DA:441,0
DA:442,0
DA:444,0
DA:446,0
DA:448,0
DA:455,1
DA:457,1
DA:459,1
DA:461,1
DA:463,1
LF:154
LH:78
end_of_record
SF:lib\shared\widgets\delivery_tracking_map_widget.dart
DA:11,1
DA:15,1
DA:17,1
DA:18,1
DA:24,1
DA:26,1
DA:27,2
DA:30,1
DA:33,1
DA:37,1
DA:40,1
DA:43,1
DA:47,2
DA:48,0
DA:49,0
DA:52,2
DA:53,1
DA:58,1
DA:64,0
DA:66,0
DA:69,0
DA:70,0
DA:73,0
DA:74,0
DA:75,0
DA:76,0
DA:79,0
DA:92,0
DA:93,0
DA:94,0
DA:97,0
DA:98,0
DA:99,0
DA:101,0
DA:102,0
DA:103,0
DA:106,0
DA:120,0
DA:121,0
DA:124,0
DA:125,0
DA:126,0
DA:127,0
DA:130,0
DA:142,0
DA:144,0
DA:145,0
DA:146,0
DA:147,0
DA:155,0
DA:156,0
DA:158,0
DA:160,0
DA:163,0
LF:54
LH:16
end_of_record
